<?xml version="1.0" encoding="UTF-8"?>
<!-- Generated by org.testng.reporters.JUnitXMLReporter -->
<testsuite ignored="0" hostname="DESKTOP-NJQ0HBE" failures="0" tests="13" name="Test" time="52.591" errors="0" timestamp="2022-07-29T14:43:13 PKT">
  <testcase classname="testCases.TC_LoginTest_001" name="loginTest" time="5.81"/>
  <testcase classname="testCases.TC_LoginTest_001" name="loginTest" time="1.184"/>
  <testcase classname="testCases.TC_LoginTest_001" name="loginTest" time="0.756"/>
  <testcase classname="testCases.TC_LoginTest_001" name="loginTest" time="0.68"/>
  <testcase classname="testCases.TC_LoginTest_001" name="loginTest" time="2.043"/>
  <testcase classname="testCases.TC_LoginTest_001" name="loginTest" time="0.707"/>
  <testcase classname="testCases.TC_LoginTest_001" name="loginTest" time="1.292"/>
  <testcase classname="testCases.TC_LoginTest_001" name="loginTest" time="1.0"/>
  <testcase classname="testCases.TC_LoginTest_001" name="loginTest" time="1.048"/>
  <testcase classname="testCases.TC_LoginTest_001" name="loginTest" time="0.73"/>
  <testcase classname="testCases.TC_LoginTest_001" name="loginTest" time="0.71"/>
  <testcase classname="testCases.TC_LoginTest_001" name="loginTest" time="1.035"/>
  <testcase classname="testCases.TC_LoginTest_001" name="loginTest" time="1.086"/>
</testsuite> <!-- Test -->
