<?xml version="1.0" encoding="UTF-8"?>
<!-- Generated by org.testng.reporters.JUnitXMLReporter -->
<testsuite ignored="0" hostname="DESKTOP-NJQ0HBE" failures="0" tests="13" name="Test" time="35.771" errors="0" timestamp="2022-07-29T01:24:08 PKT">
  <testcase classname="testCases.TC_LoginTest_001" name="loginTest" time="2.205"/>
  <testcase classname="testCases.TC_LoginTest_001" name="loginTest" time="0.94"/>
  <testcase classname="testCases.TC_LoginTest_001" name="loginTest" time="0.604"/>
  <testcase classname="testCases.TC_LoginTest_001" name="loginTest" time="0.647"/>
  <testcase classname="testCases.TC_LoginTest_001" name="loginTest" time="2.28"/>
  <testcase classname="testCases.TC_LoginTest_001" name="loginTest" time="0.721"/>
  <testcase classname="testCases.TC_LoginTest_001" name="loginTest" time="1.235"/>
  <testcase classname="testCases.TC_LoginTest_001" name="loginTest" time="0.918"/>
  <testcase classname="testCases.TC_LoginTest_001" name="loginTest" time="0.938"/>
  <testcase classname="testCases.TC_LoginTest_001" name="loginTest" time="0.77"/>
  <testcase classname="testCases.TC_LoginTest_001" name="loginTest" time="1.007"/>
  <testcase classname="testCases.TC_LoginTest_001" name="loginTest" time="0.977"/>
  <testcase classname="testCases.TC_LoginTest_001" name="loginTest" time="0.657"/>
</testsuite> <!-- Test -->
