<?xml version="1.0" encoding="UTF-8"?>
<testng-results ignored="0" total="13" passed="13" failed="0" skipped="0">
  <reporter-output>
  </reporter-output>
  <suite started-at="2022-07-29T14:42:20 PKT" name="Suite" finished-at="2022-07-29T14:43:12 PKT" duration-ms="52591">
    <groups>
    </groups>
    <test started-at="2022-07-29T14:42:20 PKT" name="Test" finished-at="2022-07-29T14:43:12 PKT" duration-ms="52591">
      <class name="testCases.TC_LoginTest_001">
        <test-method is-config="true" signature="setup(java.lang.String)[pri:0, instance:testCases.TC_LoginTest_001@1d2adfbe]" started-at="2022-07-29T14:42:21 PKT" name="setup" finished-at="2022-07-29T14:42:41 PKT" duration-ms="19929" status="PASS">
          <params>
            <param index="0">
              <value>
                <![CDATA[chrome]]>
              </value>
            </param>
          </params>
          <reporter-output>
          </reporter-output>
        </test-method> <!-- setup -->
        <test-method signature="loginTest(java.lang.String,java.lang.String,java.lang.String,java.lang.String)[pri:0, instance:testCases.TC_LoginTest_001@1d2adfbe]" started-at="2022-07-29T14:42:54 PKT" name="loginTest" data-provider="LoginData" finished-at="2022-07-29T14:43:00 PKT" duration-ms="5810" status="PASS">
          <params>
            <param index="0">
              <value>
                <![CDATA[smithwills1989@gmail.com]]>
              </value>
            </param>
            <param index="1">
              <value>
                <![CDATA[123]]>
              </value>
            </param>
            <param index="2">
              <value>
                <![CDATA[Validation error]]>
              </value>
            </param>
            <param index="3">
              <value>
                <![CDATA[invalid]]>
              </value>
            </param>
          </params>
          <reporter-output>
          </reporter-output>
        </test-method> <!-- loginTest -->
        <test-method signature="loginTest(java.lang.String,java.lang.String,java.lang.String,java.lang.String)[pri:0, instance:testCases.TC_LoginTest_001@1d2adfbe]" started-at="2022-07-29T14:43:00 PKT" name="loginTest" data-provider="LoginData" finished-at="2022-07-29T14:43:01 PKT" duration-ms="1184" status="PASS">
          <params>
            <param index="0">
              <value>
                <![CDATA[smithwills1989@gmail.com]]>
              </value>
            </param>
            <param index="1">
              <value>
                <![CDATA[]]>
              </value>
            </param>
            <param index="2">
              <value>
                <![CDATA[Please fill out this field.]]>
              </value>
            </param>
            <param index="3">
              <value>
                <![CDATA[invalid]]>
              </value>
            </param>
          </params>
          <reporter-output>
          </reporter-output>
        </test-method> <!-- loginTest -->
        <test-method signature="loginTest(java.lang.String,java.lang.String,java.lang.String,java.lang.String)[pri:0, instance:testCases.TC_LoginTest_001@1d2adfbe]" started-at="2022-07-29T14:43:01 PKT" name="loginTest" data-provider="LoginData" finished-at="2022-07-29T14:43:02 PKT" duration-ms="756" status="PASS">
          <params>
            <param index="0">
              <value>
                <![CDATA[]]>
              </value>
            </param>
            <param index="1">
              <value>
                <![CDATA[]]>
              </value>
            </param>
            <param index="2">
              <value>
                <![CDATA[Please fill out this field.]]>
              </value>
            </param>
            <param index="3">
              <value>
                <![CDATA[invalid]]>
              </value>
            </param>
          </params>
          <reporter-output>
          </reporter-output>
        </test-method> <!-- loginTest -->
        <test-method signature="loginTest(java.lang.String,java.lang.String,java.lang.String,java.lang.String)[pri:0, instance:testCases.TC_LoginTest_001@1d2adfbe]" started-at="2022-07-29T14:43:02 PKT" name="loginTest" data-provider="LoginData" finished-at="2022-07-29T14:43:03 PKT" duration-ms="680" status="PASS">
          <params>
            <param index="0">
              <value>
                <![CDATA[]]>
              </value>
            </param>
            <param index="1">
              <value>
                <![CDATA[12345678]]>
              </value>
            </param>
            <param index="2">
              <value>
                <![CDATA[Please fill out this field.]]>
              </value>
            </param>
            <param index="3">
              <value>
                <![CDATA[invalid]]>
              </value>
            </param>
          </params>
          <reporter-output>
          </reporter-output>
        </test-method> <!-- loginTest -->
        <test-method signature="loginTest(java.lang.String,java.lang.String,java.lang.String,java.lang.String)[pri:0, instance:testCases.TC_LoginTest_001@1d2adfbe]" started-at="2022-07-29T14:43:03 PKT" name="loginTest" data-provider="LoginData" finished-at="2022-07-29T14:43:05 PKT" duration-ms="2043" status="PASS">
          <params>
            <param index="0">
              <value>
                <![CDATA[smithwills1989@gmail.com]]>
              </value>
            </param>
            <param index="1">
              <value>
                <![CDATA[123456789]]>
              </value>
            </param>
            <param index="2">
              <value>
                <![CDATA[The email address or password was incorrect.]]>
              </value>
            </param>
            <param index="3">
              <value>
                <![CDATA[invalid]]>
              </value>
            </param>
          </params>
          <reporter-output>
          </reporter-output>
        </test-method> <!-- loginTest -->
        <test-method signature="loginTest(java.lang.String,java.lang.String,java.lang.String,java.lang.String)[pri:0, instance:testCases.TC_LoginTest_001@1d2adfbe]" started-at="2022-07-29T14:43:05 PKT" name="loginTest" data-provider="LoginData" finished-at="2022-07-29T14:43:06 PKT" duration-ms="707" status="PASS">
          <params>
            <param index="0">
              <value>
                <![CDATA[smithwills1989@.gmail.com]]>
              </value>
            </param>
            <param index="1">
              <value>
                <![CDATA[12345678]]>
              </value>
            </param>
            <param index="2">
              <value>
                <![CDATA[.' is used at a wrong position]]>
              </value>
            </param>
            <param index="3">
              <value>
                <![CDATA[invalid]]>
              </value>
            </param>
          </params>
          <reporter-output>
          </reporter-output>
        </test-method> <!-- loginTest -->
        <test-method signature="loginTest(java.lang.String,java.lang.String,java.lang.String,java.lang.String)[pri:0, instance:testCases.TC_LoginTest_001@1d2adfbe]" started-at="2022-07-29T14:43:06 PKT" name="loginTest" data-provider="LoginData" finished-at="2022-07-29T14:43:07 PKT" duration-ms="1292" status="PASS">
          <params>
            <param index="0">
              <value>
                <![CDATA[asmithwills1989@gmail.com]]>
              </value>
            </param>
            <param index="1">
              <value>
                <![CDATA[123456789]]>
              </value>
            </param>
            <param index="2">
              <value>
                <![CDATA[The email address and password does not match.]]>
              </value>
            </param>
            <param index="3">
              <value>
                <![CDATA[invalid]]>
              </value>
            </param>
          </params>
          <reporter-output>
          </reporter-output>
        </test-method> <!-- loginTest -->
        <test-method signature="loginTest(java.lang.String,java.lang.String,java.lang.String,java.lang.String)[pri:0, instance:testCases.TC_LoginTest_001@1d2adfbe]" started-at="2022-07-29T14:43:07 PKT" name="loginTest" data-provider="LoginData" finished-at="2022-07-29T14:43:08 PKT" duration-ms="1000" status="PASS">
          <params>
            <param index="0">
              <value>
                <![CDATA[asmithwills1989@gmail.com]]>
              </value>
            </param>
            <param index="1">
              <value>
                <![CDATA[12345678]]>
              </value>
            </param>
            <param index="2">
              <value>
                <![CDATA[The email address and password does not match.]]>
              </value>
            </param>
            <param index="3">
              <value>
                <![CDATA[invalid]]>
              </value>
            </param>
          </params>
          <reporter-output>
          </reporter-output>
        </test-method> <!-- loginTest -->
        <test-method signature="loginTest(java.lang.String,java.lang.String,java.lang.String,java.lang.String)[pri:0, instance:testCases.TC_LoginTest_001@1d2adfbe]" started-at="2022-07-29T14:43:08 PKT" name="loginTest" data-provider="LoginData" finished-at="2022-07-29T14:43:09 PKT" duration-ms="1048" status="PASS">
          <params>
            <param index="0">
              <value>
                <![CDATA[smithwills1989@gmail]]>
              </value>
            </param>
            <param index="1">
              <value>
                <![CDATA[12345678]]>
              </value>
            </param>
            <param index="2">
              <value>
                <![CDATA[Validation error]]>
              </value>
            </param>
            <param index="3">
              <value>
                <![CDATA[invalid]]>
              </value>
            </param>
          </params>
          <reporter-output>
          </reporter-output>
        </test-method> <!-- loginTest -->
        <test-method signature="loginTest(java.lang.String,java.lang.String,java.lang.String,java.lang.String)[pri:0, instance:testCases.TC_LoginTest_001@1d2adfbe]" started-at="2022-07-29T14:43:09 PKT" name="loginTest" data-provider="LoginData" finished-at="2022-07-29T14:43:10 PKT" duration-ms="730" status="PASS">
          <params>
            <param index="0">
              <value>
                <![CDATA[asmithwills1989@gmail.com$]]>
              </value>
            </param>
            <param index="1">
              <value>
                <![CDATA[12345678]]>
              </value>
            </param>
            <param index="2">
              <value>
                <![CDATA[A part following '@' should not contain the symbol]]>
              </value>
            </param>
            <param index="3">
              <value>
                <![CDATA[invalid]]>
              </value>
            </param>
          </params>
          <reporter-output>
          </reporter-output>
        </test-method> <!-- loginTest -->
        <test-method signature="loginTest(java.lang.String,java.lang.String,java.lang.String,java.lang.String)[pri:0, instance:testCases.TC_LoginTest_001@1d2adfbe]" started-at="2022-07-29T14:43:10 PKT" name="loginTest" data-provider="LoginData" finished-at="2022-07-29T14:43:10 PKT" duration-ms="710" status="PASS">
          <params>
            <param index="0">
              <value>
                <![CDATA[smithwills1989gmail.com]]>
              </value>
            </param>
            <param index="1">
              <value>
                <![CDATA[12345678]]>
              </value>
            </param>
            <param index="2">
              <value>
                <![CDATA[Please include an '@' in the email address]]>
              </value>
            </param>
            <param index="3">
              <value>
                <![CDATA[invalid]]>
              </value>
            </param>
          </params>
          <reporter-output>
          </reporter-output>
        </test-method> <!-- loginTest -->
        <test-method signature="loginTest(java.lang.String,java.lang.String,java.lang.String,java.lang.String)[pri:0, instance:testCases.TC_LoginTest_001@1d2adfbe]" started-at="2022-07-29T14:43:10 PKT" name="loginTest" data-provider="LoginData" finished-at="2022-07-29T14:43:11 PKT" duration-ms="1035" status="PASS">
          <params>
            <param index="0">
              <value>
                <![CDATA[asmithwills1989@gmail.com]]>
              </value>
            </param>
            <param index="1">
              <value>
                <![CDATA[123]]>
              </value>
            </param>
            <param index="2">
              <value>
                <![CDATA[Validation error]]>
              </value>
            </param>
            <param index="3">
              <value>
                <![CDATA[invalid]]>
              </value>
            </param>
          </params>
          <reporter-output>
          </reporter-output>
        </test-method> <!-- loginTest -->
        <test-method signature="loginTest(java.lang.String,java.lang.String,java.lang.String,java.lang.String)[pri:0, instance:testCases.TC_LoginTest_001@1d2adfbe]" started-at="2022-07-29T14:43:11 PKT" name="loginTest" data-provider="LoginData" finished-at="2022-07-29T14:43:12 PKT" duration-ms="1086" status="PASS">
          <params>
            <param index="0">
              <value>
                <![CDATA[smithwills1989@gmail.com]]>
              </value>
            </param>
            <param index="1">
              <value>
                <![CDATA[12345678]]>
              </value>
            </param>
            <param index="2">
              <value>
                <![CDATA[You are successfully logged in.]]>
              </value>
            </param>
            <param index="3">
              <value>
                <![CDATA[valid]]>
              </value>
            </param>
          </params>
          <reporter-output>
          </reporter-output>
        </test-method> <!-- loginTest -->
      </class> <!-- testCases.TC_LoginTest_001 -->
    </test> <!-- Test -->
  </suite> <!-- Suite -->
</testng-results>
