<?xml version="1.0" encoding="UTF-8"?>
<testng-results ignored="0" total="13" passed="13" failed="0" skipped="0">
  <reporter-output>
  </reporter-output>
  <suite started-at="2022-07-29T01:23:32 PKT" name="Suite" finished-at="2022-07-29T01:24:08 PKT" duration-ms="35771">
    <groups>
    </groups>
    <test started-at="2022-07-29T01:23:32 PKT" name="Test" finished-at="2022-07-29T01:24:08 PKT" duration-ms="35771">
      <class name="testCases.TC_LoginTest_001">
        <test-method is-config="true" signature="setup(java.lang.String)[pri:0, instance:testCases.TC_LoginTest_001@1d2adfbe]" started-at="2022-07-29T01:23:34 PKT" name="setup" finished-at="2022-07-29T01:23:47 PKT" duration-ms="13735" status="PASS">
          <params>
            <param index="0">
              <value>
                <![CDATA[chrome]]>
              </value>
            </param>
          </params>
          <reporter-output>
          </reporter-output>
        </test-method> <!-- setup -->
        <test-method signature="loginTest(java.lang.String,java.lang.String,java.lang.String,java.lang.String)[pri:0, instance:testCases.TC_LoginTest_001@1d2adfbe]" started-at="2022-07-29T01:23:54 PKT" name="loginTest" data-provider="LoginData" finished-at="2022-07-29T01:23:56 PKT" duration-ms="2205" status="PASS">
          <params>
            <param index="0">
              <value>
                <![CDATA[smithwills1989@gmail.com]]>
              </value>
            </param>
            <param index="1">
              <value>
                <![CDATA[123]]>
              </value>
            </param>
            <param index="2">
              <value>
                <![CDATA[Validation error]]>
              </value>
            </param>
            <param index="3">
              <value>
                <![CDATA[invalid]]>
              </value>
            </param>
          </params>
          <reporter-output>
          </reporter-output>
        </test-method> <!-- loginTest -->
        <test-method signature="loginTest(java.lang.String,java.lang.String,java.lang.String,java.lang.String)[pri:0, instance:testCases.TC_LoginTest_001@1d2adfbe]" started-at="2022-07-29T01:23:56 PKT" name="loginTest" data-provider="LoginData" finished-at="2022-07-29T01:23:57 PKT" duration-ms="940" status="PASS">
          <params>
            <param index="0">
              <value>
                <![CDATA[smithwills1989@gmail.com]]>
              </value>
            </param>
            <param index="1">
              <value>
                <![CDATA[]]>
              </value>
            </param>
            <param index="2">
              <value>
                <![CDATA[Please fill out this field.]]>
              </value>
            </param>
            <param index="3">
              <value>
                <![CDATA[invalid]]>
              </value>
            </param>
          </params>
          <reporter-output>
          </reporter-output>
        </test-method> <!-- loginTest -->
        <test-method signature="loginTest(java.lang.String,java.lang.String,java.lang.String,java.lang.String)[pri:0, instance:testCases.TC_LoginTest_001@1d2adfbe]" started-at="2022-07-29T01:23:57 PKT" name="loginTest" data-provider="LoginData" finished-at="2022-07-29T01:23:58 PKT" duration-ms="604" status="PASS">
          <params>
            <param index="0">
              <value>
                <![CDATA[]]>
              </value>
            </param>
            <param index="1">
              <value>
                <![CDATA[]]>
              </value>
            </param>
            <param index="2">
              <value>
                <![CDATA[Please fill out this field.]]>
              </value>
            </param>
            <param index="3">
              <value>
                <![CDATA[invalid]]>
              </value>
            </param>
          </params>
          <reporter-output>
          </reporter-output>
        </test-method> <!-- loginTest -->
        <test-method signature="loginTest(java.lang.String,java.lang.String,java.lang.String,java.lang.String)[pri:0, instance:testCases.TC_LoginTest_001@1d2adfbe]" started-at="2022-07-29T01:23:58 PKT" name="loginTest" data-provider="LoginData" finished-at="2022-07-29T01:23:59 PKT" duration-ms="647" status="PASS">
          <params>
            <param index="0">
              <value>
                <![CDATA[]]>
              </value>
            </param>
            <param index="1">
              <value>
                <![CDATA[12345678]]>
              </value>
            </param>
            <param index="2">
              <value>
                <![CDATA[Please fill out this field.]]>
              </value>
            </param>
            <param index="3">
              <value>
                <![CDATA[invalid]]>
              </value>
            </param>
          </params>
          <reporter-output>
          </reporter-output>
        </test-method> <!-- loginTest -->
        <test-method signature="loginTest(java.lang.String,java.lang.String,java.lang.String,java.lang.String)[pri:0, instance:testCases.TC_LoginTest_001@1d2adfbe]" started-at="2022-07-29T01:23:59 PKT" name="loginTest" data-provider="LoginData" finished-at="2022-07-29T01:24:01 PKT" duration-ms="2280" status="PASS">
          <params>
            <param index="0">
              <value>
                <![CDATA[smithwills1989@gmail.com]]>
              </value>
            </param>
            <param index="1">
              <value>
                <![CDATA[123456789]]>
              </value>
            </param>
            <param index="2">
              <value>
                <![CDATA[The email address or password was incorrect.]]>
              </value>
            </param>
            <param index="3">
              <value>
                <![CDATA[invalid]]>
              </value>
            </param>
          </params>
          <reporter-output>
          </reporter-output>
        </test-method> <!-- loginTest -->
        <test-method signature="loginTest(java.lang.String,java.lang.String,java.lang.String,java.lang.String)[pri:0, instance:testCases.TC_LoginTest_001@1d2adfbe]" started-at="2022-07-29T01:24:01 PKT" name="loginTest" data-provider="LoginData" finished-at="2022-07-29T01:24:02 PKT" duration-ms="721" status="PASS">
          <params>
            <param index="0">
              <value>
                <![CDATA[smithwills1989@.gmail.com]]>
              </value>
            </param>
            <param index="1">
              <value>
                <![CDATA[12345678]]>
              </value>
            </param>
            <param index="2">
              <value>
                <![CDATA[.' is used at a wrong position]]>
              </value>
            </param>
            <param index="3">
              <value>
                <![CDATA[invalid]]>
              </value>
            </param>
          </params>
          <reporter-output>
          </reporter-output>
        </test-method> <!-- loginTest -->
        <test-method signature="loginTest(java.lang.String,java.lang.String,java.lang.String,java.lang.String)[pri:0, instance:testCases.TC_LoginTest_001@1d2adfbe]" started-at="2022-07-29T01:24:02 PKT" name="loginTest" data-provider="LoginData" finished-at="2022-07-29T01:24:03 PKT" duration-ms="1235" status="PASS">
          <params>
            <param index="0">
              <value>
                <![CDATA[asmithwills1989@gmail.com]]>
              </value>
            </param>
            <param index="1">
              <value>
                <![CDATA[123456789]]>
              </value>
            </param>
            <param index="2">
              <value>
                <![CDATA[The email address and password does not match.]]>
              </value>
            </param>
            <param index="3">
              <value>
                <![CDATA[invalid]]>
              </value>
            </param>
          </params>
          <reporter-output>
          </reporter-output>
        </test-method> <!-- loginTest -->
        <test-method signature="loginTest(java.lang.String,java.lang.String,java.lang.String,java.lang.String)[pri:0, instance:testCases.TC_LoginTest_001@1d2adfbe]" started-at="2022-07-29T01:24:03 PKT" name="loginTest" data-provider="LoginData" finished-at="2022-07-29T01:24:04 PKT" duration-ms="918" status="PASS">
          <params>
            <param index="0">
              <value>
                <![CDATA[asmithwills1989@gmail.com]]>
              </value>
            </param>
            <param index="1">
              <value>
                <![CDATA[12345678]]>
              </value>
            </param>
            <param index="2">
              <value>
                <![CDATA[The email address and password does not match.]]>
              </value>
            </param>
            <param index="3">
              <value>
                <![CDATA[invalid]]>
              </value>
            </param>
          </params>
          <reporter-output>
          </reporter-output>
        </test-method> <!-- loginTest -->
        <test-method signature="loginTest(java.lang.String,java.lang.String,java.lang.String,java.lang.String)[pri:0, instance:testCases.TC_LoginTest_001@1d2adfbe]" started-at="2022-07-29T01:24:04 PKT" name="loginTest" data-provider="LoginData" finished-at="2022-07-29T01:24:05 PKT" duration-ms="938" status="PASS">
          <params>
            <param index="0">
              <value>
                <![CDATA[smithwills1989@gmail]]>
              </value>
            </param>
            <param index="1">
              <value>
                <![CDATA[12345678]]>
              </value>
            </param>
            <param index="2">
              <value>
                <![CDATA[Validation error]]>
              </value>
            </param>
            <param index="3">
              <value>
                <![CDATA[invalid]]>
              </value>
            </param>
          </params>
          <reporter-output>
          </reporter-output>
        </test-method> <!-- loginTest -->
        <test-method signature="loginTest(java.lang.String,java.lang.String,java.lang.String,java.lang.String)[pri:0, instance:testCases.TC_LoginTest_001@1d2adfbe]" started-at="2022-07-29T01:24:05 PKT" name="loginTest" data-provider="LoginData" finished-at="2022-07-29T01:24:05 PKT" duration-ms="770" status="PASS">
          <params>
            <param index="0">
              <value>
                <![CDATA[asmithwills1989@gmail.com$]]>
              </value>
            </param>
            <param index="1">
              <value>
                <![CDATA[12345678]]>
              </value>
            </param>
            <param index="2">
              <value>
                <![CDATA[A part following '@' should not contain the symbol]]>
              </value>
            </param>
            <param index="3">
              <value>
                <![CDATA[invalid]]>
              </value>
            </param>
          </params>
          <reporter-output>
          </reporter-output>
        </test-method> <!-- loginTest -->
        <test-method signature="loginTest(java.lang.String,java.lang.String,java.lang.String,java.lang.String)[pri:0, instance:testCases.TC_LoginTest_001@1d2adfbe]" started-at="2022-07-29T01:24:05 PKT" name="loginTest" data-provider="LoginData" finished-at="2022-07-29T01:24:06 PKT" duration-ms="1007" status="PASS">
          <params>
            <param index="0">
              <value>
                <![CDATA[smithwills1989gmail.com]]>
              </value>
            </param>
            <param index="1">
              <value>
                <![CDATA[12345678]]>
              </value>
            </param>
            <param index="2">
              <value>
                <![CDATA[Please include an '@' in the email address]]>
              </value>
            </param>
            <param index="3">
              <value>
                <![CDATA[invalid]]>
              </value>
            </param>
          </params>
          <reporter-output>
          </reporter-output>
        </test-method> <!-- loginTest -->
        <test-method signature="loginTest(java.lang.String,java.lang.String,java.lang.String,java.lang.String)[pri:0, instance:testCases.TC_LoginTest_001@1d2adfbe]" started-at="2022-07-29T01:24:07 PKT" name="loginTest" data-provider="LoginData" finished-at="2022-07-29T01:24:07 PKT" duration-ms="977" status="PASS">
          <params>
            <param index="0">
              <value>
                <![CDATA[asmithwills1989@gmail.com]]>
              </value>
            </param>
            <param index="1">
              <value>
                <![CDATA[123]]>
              </value>
            </param>
            <param index="2">
              <value>
                <![CDATA[Validation error]]>
              </value>
            </param>
            <param index="3">
              <value>
                <![CDATA[invalid]]>
              </value>
            </param>
          </params>
          <reporter-output>
          </reporter-output>
        </test-method> <!-- loginTest -->
        <test-method signature="loginTest(java.lang.String,java.lang.String,java.lang.String,java.lang.String)[pri:0, instance:testCases.TC_LoginTest_001@1d2adfbe]" started-at="2022-07-29T01:24:07 PKT" name="loginTest" data-provider="LoginData" finished-at="2022-07-29T01:24:08 PKT" duration-ms="657" status="PASS">
          <params>
            <param index="0">
              <value>
                <![CDATA[smithwills1989@gmail.com]]>
              </value>
            </param>
            <param index="1">
              <value>
                <![CDATA[12345678]]>
              </value>
            </param>
            <param index="2">
              <value>
                <![CDATA[You are successfully logged in.]]>
              </value>
            </param>
            <param index="3">
              <value>
                <![CDATA[valid]]>
              </value>
            </param>
          </params>
          <reporter-output>
          </reporter-output>
        </test-method> <!-- loginTest -->
      </class> <!-- testCases.TC_LoginTest_001 -->
    </test> <!-- Test -->
  </suite> <!-- Suite -->
</testng-results>
